C:\Program Files (x86)\Microsoft Visual Studio\2017\Community\Common7\IDE\VC\VCTargets\Microsoft.CppBuild.targets(391,5): warning MSB8028: 中间目录(Release\)包含从另一个项目(Win32Tut02.vcxproj)共享的文件。   这会导致错误的清除和重新生成行为。
  stdafx.cpp
  bh.cpp
c:\vsproj\win32tut02\win32tut02\bh.cpp(409): warning C4996: 'sprintf': This function or variable may be unsafe. Consider using sprintf_s instead. To disable deprecation, use _CRT_SECURE_NO_WARNINGS. See online help for details.
  c:\program files (x86)\windows kits\10\include\10.0.15063.0\ucrt\stdio.h(1772): note: 参见“sprintf”的声明
c:\vsproj\win32tut02\win32tut02\bh.cpp(411): warning C4996: 'sprintf': This function or variable may be unsafe. Consider using sprintf_s instead. To disable deprecation, use _CRT_SECURE_NO_WARNINGS. See online help for details.
  c:\program files (x86)\windows kits\10\include\10.0.15063.0\ucrt\stdio.h(1772): note: 参见“sprintf”的声明
c:\vsproj\win32tut02\win32tut02\bh.cpp(476): warning C4996: 'sprintf': This function or variable may be unsafe. Consider using sprintf_s instead. To disable deprecation, use _CRT_SECURE_NO_WARNINGS. See online help for details.
  c:\program files (x86)\windows kits\10\include\10.0.15063.0\ucrt\stdio.h(1772): note: 参见“sprintf”的声明
c:\vsproj\win32tut02\win32tut02\bh.cpp(478): warning C4996: 'sprintf': This function or variable may be unsafe. Consider using sprintf_s instead. To disable deprecation, use _CRT_SECURE_NO_WARNINGS. See online help for details.
  c:\program files (x86)\windows kits\10\include\10.0.15063.0\ucrt\stdio.h(1772): note: 参见“sprintf”的声明
c:\vsproj\win32tut02\win32tut02\bh.cpp(504): warning C4996: 'sprintf': This function or variable may be unsafe. Consider using sprintf_s instead. To disable deprecation, use _CRT_SECURE_NO_WARNINGS. See online help for details.
  c:\program files (x86)\windows kits\10\include\10.0.15063.0\ucrt\stdio.h(1772): note: 参见“sprintf”的声明
c:\vsproj\win32tut02\win32tut02\bh.cpp(506): warning C4996: 'sprintf': This function or variable may be unsafe. Consider using sprintf_s instead. To disable deprecation, use _CRT_SECURE_NO_WARNINGS. See online help for details.
  c:\program files (x86)\windows kits\10\include\10.0.15063.0\ucrt\stdio.h(1772): note: 参见“sprintf”的声明
c:\vsproj\win32tut02\win32tut02\bh.cpp(532): warning C4996: 'sprintf': This function or variable may be unsafe. Consider using sprintf_s instead. To disable deprecation, use _CRT_SECURE_NO_WARNINGS. See online help for details.
  c:\program files (x86)\windows kits\10\include\10.0.15063.0\ucrt\stdio.h(1772): note: 参见“sprintf”的声明
c:\vsproj\win32tut02\win32tut02\bh.cpp(534): warning C4996: 'sprintf': This function or variable may be unsafe. Consider using sprintf_s instead. To disable deprecation, use _CRT_SECURE_NO_WARNINGS. See online help for details.
  c:\program files (x86)\windows kits\10\include\10.0.15063.0\ucrt\stdio.h(1772): note: 参见“sprintf”的声明
  正在生成代码
  All 14 functions were compiled because no usable IPDB/IOBJ from previous compilation was found.
  已完成代码的生成
  Win32Tut02.vcxproj -> C:\vsProj\Win32Tut02\Release\Bounce Hero.exe
